# JRE version: Java(TM) SE Runtime Environment (8.0_131-b11) (build 1.8.0_131-b11)
# Java VM: Java HotSpot(TM) 64-Bit Server VM (25.131-b11 mixed mode linux-amd64 compressed oops)
Heap:
 PSYoungGen      total 785920K, used 192498K [0x000000076bb00000, 0x00000007c0000000, 0x00000007c0000000)
  eden space 577536K, 0% used [0x000000076bb00000,0x000000076bb00000,0x000000078ef00000)
  from space 208384K, 92% used [0x00000007b0080000,0x00000007bbc7cb40,0x00000007bcc00000)
  to   space 401920K, 0% used [0x000000078ef00000,0x000000078ef00000,0x00000007a7780000)
 ParOldGen       total 662016K, used 661794K [0x00000006c3000000, 0x00000006eb680000, 0x000000076bb00000)
  object space 662016K, 99% used [0x00000006c3000000,0x00000006eb648bb0,0x00000006eb680000)
 Metaspace       used 6841K, capacity 7058K, committed 7296K, reserved 1056768K
  class space    used 740K, capacity 839K, committed 896K, reserved 1048576K
GC Heap History (10 events):
Event: 16.716 GC heap after
Heap after GC invocations=33 (full 3):
 PSYoungGen      total 942592K, used 127163K [0x000000076bb00000, 0x00000007b0b80000, 0x00000007c0000000)
  eden space 774144K, 0% used [0x000000076bb00000,0x000000076bb00000,0x000000079af00000)
  from space 168448K, 75% used [0x00000007a5980000,0x00000007ad5aeed8,0x00000007afe00000)
  to   space 174592K, 0% used [0x000000079af00000,0x000000079af00000,0x00000007a5980000)
 ParOldGen       total 323072K, used 204387K [0x00000006c3000000, 0x00000006d6b80000, 0x000000076bb00000)
  object space 323072K, 63% used [0x00000006c3000000,0x00000006cf798e68,0x00000006d6b80000)
 Metaspace       used 6772K, capacity 6962K, committed 7296K, reserved 1056768K
  class space    used 731K, capacity 807K, committed 896K, reserved 1048576K
}
Event: 17.680 GC heap before
{Heap before GC invocations=34 (full 3):
 PSYoungGen      total 942592K, used 901307K [0x000000076bb00000, 0x00000007b0b80000, 0x00000007c0000000)
  eden space 774144K, 100% used [0x000000076bb00000,0x000000079af00000,0x000000079af00000)
  from space 168448K, 75% used [0x00000007a5980000,0x00000007ad5aeed8,0x00000007afe00000)
  to   space 174592K, 0% used [0x000000079af00000,0x000000079af00000,0x00000007a5980000)
 ParOldGen       total 323072K, used 204387K [0x00000006c3000000, 0x00000006d6b80000, 0x000000076bb00000)
  object space 323072K, 63% used [0x00000006c3000000,0x00000006cf798e68,0x00000006d6b80000)
 Metaspace       used 6772K, capacity 6962K, committed 7296K, reserved 1056768K
  class space    used 731K, capacity 807K, committed 896K, reserved 1048576K
Event: 17.759 GC heap after
Heap after GC invocations=34 (full 3):
 PSYoungGen      total 948736K, used 139387K [0x000000076bb00000, 0x00000007b6200000, 0x00000007c0000000)
  eden space 774144K, 0% used [0x000000076bb00000,0x000000076bb00000,0x000000079af00000)
  from space 174592K, 79% used [0x000000079af00000,0x00000007a371eed8,0x00000007a5980000)
  to   space 183296K, 0% used [0x00000007aaf00000,0x00000007aaf00000,0x00000007b6200000)
 ParOldGen       total 323072K, used 206363K [0x00000006c3000000, 0x00000006d6b80000, 0x000000076bb00000)
  object space 323072K, 63% used [0x00000006c3000000,0x00000006cf986e68,0x00000006d6b80000)
 Metaspace       used 6772K, capacity 6962K, committed 7296K, reserved 1056768K
  class space    used 731K, capacity 807K, committed 896K, reserved 1048576K
}
Event: 18.721 GC heap before
{Heap before GC invocations=35 (full 3):
 PSYoungGen      total 948736K, used 913531K [0x000000076bb00000, 0x00000007b6200000, 0x00000007c0000000)
  eden space 774144K, 100% used [0x000000076bb00000,0x000000079af00000,0x000000079af00000)
  from space 174592K, 79% used [0x000000079af00000,0x00000007a371eed8,0x00000007a5980000)
  to   space 183296K, 0% used [0x00000007aaf00000,0x00000007aaf00000,0x00000007b6200000)
 ParOldGen       total 323072K, used 206363K [0x00000006c3000000, 0x00000006d6b80000, 0x000000076bb00000)
  object space 323072K, 63% used [0x00000006c3000000,0x00000006cf986e68,0x00000006d6b80000)
 Metaspace       used 6772K, capacity 6962K, committed 7296K, reserved 1056768K
  class space    used 731K, capacity 807K, committed 896K, reserved 1048576K
Event: 18.847 GC heap after
Heap after GC invocations=35 (full 3):
 PSYoungGen      total 1025024K, used 151282K [0x000000076bb00000, 0x00000007b7a00000, 0x00000007c0000000)
  eden space 841728K, 0% used [0x000000076bb00000,0x000000076bb00000,0x000000079f100000)
  from space 183296K, 82% used [0x00000007aaf00000,0x00000007b42bca68,0x00000007b6200000)
  to   space 194560K, 0% used [0x000000079f100000,0x000000079f100000,0x00000007aaf00000)
 ParOldGen       total 323072K, used 208619K [0x00000006c3000000, 0x00000006d6b80000, 0x000000076bb00000)
  object space 323072K, 64% used [0x00000006c3000000,0x00000006cfbbae68,0x00000006d6b80000)
 Metaspace       used 6772K, capacity 6962K, committed 7296K, reserved 1056768K
  class space    used 731K, capacity 807K, committed 896K, reserved 1048576K
}
Event: 19.902 GC heap before
{Heap before GC invocations=36 (full 3):
 PSYoungGen      total 1025024K, used 993010K [0x000000076bb00000, 0x00000007b7a00000, 0x00000007c0000000)
  eden space 841728K, 100% used [0x000000076bb00000,0x000000079f100000,0x000000079f100000)
  from space 183296K, 82% used [0x00000007aaf00000,0x00000007b42bca68,0x00000007b6200000)
  to   space 194560K, 0% used [0x000000079f100000,0x000000079f100000,0x00000007aaf00000)
 ParOldGen       total 323072K, used 208619K [0x00000006c3000000, 0x00000006d6b80000, 0x000000076bb00000)
  object space 323072K, 64% used [0x00000006c3000000,0x00000006cfbbae68,0x00000006d6b80000)
 Metaspace       used 6772K, capacity 6962K, committed 7296K, reserved 1056768K
  class space    used 731K, capacity 807K, committed 896K, reserved 1048576K
Event: 19.985 GC heap after
Heap after GC invocations=36 (full 3):
 PSYoungGen      total 1036288K, used 164498K [0x000000076bb00000, 0x00000007bcc00000, 0x00000007c0000000)
  eden space 841728K, 0% used [0x000000076bb00000,0x000000076bb00000,0x000000079f100000)
  from space 194560K, 84% used [0x000000079f100000,0x00000007a91a4a68,0x00000007aaf00000)
  to   space 208384K, 0% used [0x00000007b0080000,0x00000007b0080000,0x00000007bcc00000)
 ParOldGen       total 323072K, used 210883K [0x00000006c3000000, 0x00000006d6b80000, 0x000000076bb00000)
  object space 323072K, 65% used [0x00000006c3000000,0x00000006cfdf0e68,0x00000006d6b80000)
 Metaspace       used 6772K, capacity 6962K, committed 7296K, reserved 1056768K
  class space    used 731K, capacity 807K, committed 896K, reserved 1048576K
}
Event: 20.586 GC heap before
{Heap before GC invocations=37 (full 3):
 PSYoungGen      total 1036288K, used 1006226K [0x000000076bb00000, 0x00000007bcc00000, 0x00000007c0000000)
  eden space 841728K, 100% used [0x000000076bb00000,0x000000079f100000,0x000000079f100000)
  from space 194560K, 84% used [0x000000079f100000,0x00000007a91a4a68,0x00000007aaf00000)
  to   space 208384K, 0% used [0x00000007b0080000,0x00000007b0080000,0x00000007bcc00000)
 ParOldGen       total 323072K, used 210883K [0x00000006c3000000, 0x00000006d6b80000, 0x000000076bb00000)
  object space 323072K, 65% used [0x00000006c3000000,0x00000006cfdf0e68,0x00000006d6b80000)
 Metaspace       used 6841K, capacity 7058K, committed 7296K, reserved 1056768K
  class space    used 740K, capacity 839K, committed 896K, reserved 1048576K
Event: 20.947 GC heap after
Heap after GC invocations=37 (full 3):
 PSYoungGen      total 785920K, used 208383K [0x000000076bb00000, 0x00000007c0000000, 0x00000007c0000000)
  eden space 577536K, 0% used [0x000000076bb00000,0x000000076bb00000,0x000000078ef00000)
  from space 208384K, 99% used [0x00000007b0080000,0x00000007bcbffce8,0x00000007bcc00000)
  to   space 401920K, 0% used [0x000000078ef00000,0x000000078ef00000,0x00000007a7780000)
 ParOldGen       total 662016K, used 661330K [0x00000006c3000000, 0x00000006eb680000, 0x000000076bb00000)
  object space 662016K, 99% used [0x00000006c3000000,0x00000006eb5d4988,0x00000006eb680000)
 Metaspace       used 6841K, capacity 7058K, committed 7296K, reserved 1056768K
  class space    used 740K, capacity 839K, committed 896K, reserved 1048576K
}
Event: 20.947 GC heap before
{Heap before GC invocations=38 (full 4):
 PSYoungGen      total 785920K, used 208383K [0x000000076bb00000, 0x00000007c0000000, 0x00000007c0000000)
  eden space 577536K, 0% used [0x000000076bb00000,0x000000076bb00000,0x000000078ef00000)
  from space 208384K, 99% used [0x00000007b0080000,0x00000007bcbffce8,0x00000007bcc00000)
  to   space 401920K, 0% used [0x000000078ef00000,0x000000078ef00000,0x00000007a7780000)
 ParOldGen       total 662016K, used 661330K [0x00000006c3000000, 0x00000006eb680000, 0x000000076bb00000)
  object space 662016K, 99% used [0x00000006c3000000,0x00000006eb5d4988,0x00000006eb680000)
 Metaspace       used 6841K, capacity 7058K, committed 7296K, reserved 1056768K
  class space    used 740K, capacity 839K, committed 896K, reserved 1048576K

